[ INFO ] [2019-01-18 00:00:39] com.netflix.discovery.shared.resolver.aws.ConfigClusterResolver -Resolving eureka endpoints via configuration
[ INFO ] [2019-01-18 00:05:42] com.netflix.discovery.shared.resolver.aws.ConfigClusterResolver -Resolving eureka endpoints via configuration
[ INFO ] [2019-01-18 00:10:42] com.netflix.discovery.shared.resolver.aws.ConfigClusterResolver -Resolving eureka endpoints via configuration
[ INFO ] [2019-01-18 00:15:42] com.netflix.discovery.shared.resolver.aws.ConfigClusterResolver -Resolving eureka endpoints via configuration
[ INFO ] [2019-01-18 00:20:42] com.netflix.discovery.shared.resolver.aws.ConfigClusterResolver -Resolving eureka endpoints via configuration
[ INFO ] [2019-01-18 00:25:42] com.netflix.discovery.shared.resolver.aws.ConfigClusterResolver -Resolving eureka endpoints via configuration
[ INFO ] [2019-01-18 00:30:42] com.netflix.discovery.shared.resolver.aws.ConfigClusterResolver -Resolving eureka endpoints via configuration
[ INFO ] [2019-01-18 00:35:42] com.netflix.discovery.shared.resolver.aws.ConfigClusterResolver -Resolving eureka endpoints via configuration
[ INFO ] [2019-01-18 00:40:42] com.netflix.discovery.shared.resolver.aws.ConfigClusterResolver -Resolving eureka endpoints via configuration
[ INFO ] [2019-01-18 00:45:42] com.netflix.discovery.shared.resolver.aws.ConfigClusterResolver -Resolving eureka endpoints via configuration
[ INFO ] [2019-01-18 00:50:42] com.netflix.discovery.shared.resolver.aws.ConfigClusterResolver -Resolving eureka endpoints via configuration
[ INFO ] [2019-01-18 00:55:42] com.netflix.discovery.shared.resolver.aws.ConfigClusterResolver -Resolving eureka endpoints via configuration
[ INFO ] [2019-01-18 01:00:42] com.netflix.discovery.shared.resolver.aws.ConfigClusterResolver -Resolving eureka endpoints via configuration
[ INFO ] [2019-01-18 01:05:42] com.netflix.discovery.shared.resolver.aws.ConfigClusterResolver -Resolving eureka endpoints via configuration
[ INFO ] [2019-01-18 01:10:42] com.netflix.discovery.shared.resolver.aws.ConfigClusterResolver -Resolving eureka endpoints via configuration
[ INFO ] [2019-01-18 01:15:42] com.netflix.discovery.shared.resolver.aws.ConfigClusterResolver -Resolving eureka endpoints via configuration
[ INFO ] [2019-01-18 01:20:42] com.netflix.discovery.shared.resolver.aws.ConfigClusterResolver -Resolving eureka endpoints via configuration
[ INFO ] [2019-01-18 01:25:42] com.netflix.discovery.shared.resolver.aws.ConfigClusterResolver -Resolving eureka endpoints via configuration
[ INFO ] [2019-01-18 01:30:42] com.netflix.discovery.shared.resolver.aws.ConfigClusterResolver -Resolving eureka endpoints via configuration
[ INFO ] [2019-01-18 01:35:42] com.netflix.discovery.shared.resolver.aws.ConfigClusterResolver -Resolving eureka endpoints via configuration
[ INFO ] [2019-01-18 01:40:42] com.netflix.discovery.shared.resolver.aws.ConfigClusterResolver -Resolving eureka endpoints via configuration
[ INFO ] [2019-01-18 01:45:42] com.netflix.discovery.shared.resolver.aws.ConfigClusterResolver -Resolving eureka endpoints via configuration
[ INFO ] [2019-01-18 01:50:42] com.netflix.discovery.shared.resolver.aws.ConfigClusterResolver -Resolving eureka endpoints via configuration
[ INFO ] [2019-01-18 01:55:42] com.netflix.discovery.shared.resolver.aws.ConfigClusterResolver -Resolving eureka endpoints via configuration
[ INFO ] [2019-01-18 02:00:42] com.netflix.discovery.shared.resolver.aws.ConfigClusterResolver -Resolving eureka endpoints via configuration
[ INFO ] [2019-01-18 02:05:42] com.netflix.discovery.shared.resolver.aws.ConfigClusterResolver -Resolving eureka endpoints via configuration
[ INFO ] [2019-01-18 02:10:42] com.netflix.discovery.shared.resolver.aws.ConfigClusterResolver -Resolving eureka endpoints via configuration
[ INFO ] [2019-01-18 02:15:42] com.netflix.discovery.shared.resolver.aws.ConfigClusterResolver -Resolving eureka endpoints via configuration
[ INFO ] [2019-01-18 02:20:42] com.netflix.discovery.shared.resolver.aws.ConfigClusterResolver -Resolving eureka endpoints via configuration
[ INFO ] [2019-01-18 02:25:42] com.netflix.discovery.shared.resolver.aws.ConfigClusterResolver -Resolving eureka endpoints via configuration
[ INFO ] [2019-01-18 02:30:42] com.netflix.discovery.shared.resolver.aws.ConfigClusterResolver -Resolving eureka endpoints via configuration
[ INFO ] [2019-01-18 02:35:42] com.netflix.discovery.shared.resolver.aws.ConfigClusterResolver -Resolving eureka endpoints via configuration
[ INFO ] [2019-01-18 02:40:42] com.netflix.discovery.shared.resolver.aws.ConfigClusterResolver -Resolving eureka endpoints via configuration
[ INFO ] [2019-01-18 02:45:42] com.netflix.discovery.shared.resolver.aws.ConfigClusterResolver -Resolving eureka endpoints via configuration
[ INFO ] [2019-01-18 02:50:42] com.netflix.discovery.shared.resolver.aws.ConfigClusterResolver -Resolving eureka endpoints via configuration
[ INFO ] [2019-01-18 02:55:42] com.netflix.discovery.shared.resolver.aws.ConfigClusterResolver -Resolving eureka endpoints via configuration
[ INFO ] [2019-01-18 03:00:42] com.netflix.discovery.shared.resolver.aws.ConfigClusterResolver -Resolving eureka endpoints via configuration
[ INFO ] [2019-01-18 03:05:42] com.netflix.discovery.shared.resolver.aws.ConfigClusterResolver -Resolving eureka endpoints via configuration
[ ERROR] [2019-01-18 03:08:35] com.netflix.discovery.shared.transport.decorator.RedirectingEurekaHttpClient -Request execution error
com.sun.jersey.api.client.ClientHandlerException: java.net.SocketTimeoutException: Read timed out
	at com.sun.jersey.client.apache4.ApacheHttpClient4Handler.handle(ApacheHttpClient4Handler.java:187)
	at com.sun.jersey.api.client.filter.GZIPContentEncodingFilter.handle(GZIPContentEncodingFilter.java:123)
	at com.netflix.discovery.EurekaIdentityHeaderFilter.handle(EurekaIdentityHeaderFilter.java:27)
	at com.sun.jersey.api.client.Client.handle(Client.java:652)
	at com.sun.jersey.api.client.WebResource.handle(WebResource.java:682)
	at com.sun.jersey.api.client.WebResource.access$200(WebResource.java:74)
	at com.sun.jersey.api.client.WebResource$Builder.get(WebResource.java:509)
	at com.netflix.discovery.shared.transport.jersey.AbstractJerseyEurekaHttpClient.getApplicationsInternal(AbstractJerseyEurekaHttpClient.java:194)
	at com.netflix.discovery.shared.transport.jersey.AbstractJerseyEurekaHttpClient.getDelta(AbstractJerseyEurekaHttpClient.java:170)
	at com.netflix.discovery.shared.transport.decorator.EurekaHttpClientDecorator$7.execute(EurekaHttpClientDecorator.java:152)
	at com.netflix.discovery.shared.transport.decorator.MetricsCollectingEurekaHttpClient.execute(MetricsCollectingEurekaHttpClient.java:73)
	at com.netflix.discovery.shared.transport.decorator.EurekaHttpClientDecorator.getDelta(EurekaHttpClientDecorator.java:149)
	at com.netflix.discovery.shared.transport.decorator.EurekaHttpClientDecorator$7.execute(EurekaHttpClientDecorator.java:152)
	at com.netflix.discovery.shared.transport.decorator.RedirectingEurekaHttpClient.execute(RedirectingEurekaHttpClient.java:89)
	at com.netflix.discovery.shared.transport.decorator.EurekaHttpClientDecorator.getDelta(EurekaHttpClientDecorator.java:149)
	at com.netflix.discovery.shared.transport.decorator.EurekaHttpClientDecorator$7.execute(EurekaHttpClientDecorator.java:152)
	at com.netflix.discovery.shared.transport.decorator.RetryableEurekaHttpClient.execute(RetryableEurekaHttpClient.java:119)
	at com.netflix.discovery.shared.transport.decorator.EurekaHttpClientDecorator.getDelta(EurekaHttpClientDecorator.java:149)
	at com.netflix.discovery.shared.transport.decorator.EurekaHttpClientDecorator$7.execute(EurekaHttpClientDecorator.java:152)
	at com.netflix.discovery.shared.transport.decorator.SessionedEurekaHttpClient.execute(SessionedEurekaHttpClient.java:77)
	at com.netflix.discovery.shared.transport.decorator.EurekaHttpClientDecorator.getDelta(EurekaHttpClientDecorator.java:149)
	at com.netflix.discovery.DiscoveryClient.getAndUpdateDelta(DiscoveryClient.java:1047)
	at com.netflix.discovery.DiscoveryClient.fetchRegistry(DiscoveryClient.java:929)
	at com.netflix.discovery.DiscoveryClient.refreshRegistry(DiscoveryClient.java:1451)
	at com.netflix.discovery.DiscoveryClient$CacheRefreshThread.run(DiscoveryClient.java:1418)
	at java.util.concurrent.Executors$RunnableAdapter.call(Executors.java:511)
	at java.util.concurrent.FutureTask.run(FutureTask.java:266)
	at java.util.concurrent.ThreadPoolExecutor.runWorker(ThreadPoolExecutor.java:1142)
	at java.util.concurrent.ThreadPoolExecutor$Worker.run(ThreadPoolExecutor.java:617)
	at java.lang.Thread.run(Thread.java:745)
Caused by: java.net.SocketTimeoutException: Read timed out
	at java.net.SocketInputStream.socketRead0(Native Method)
	at java.net.SocketInputStream.socketRead(SocketInputStream.java:116)
	at java.net.SocketInputStream.read(SocketInputStream.java:170)
	at java.net.SocketInputStream.read(SocketInputStream.java:141)
	at org.apache.http.impl.io.AbstractSessionInputBuffer.fillBuffer(AbstractSessionInputBuffer.java:158)
	at org.apache.http.impl.io.SocketInputBuffer.fillBuffer(SocketInputBuffer.java:82)
	at org.apache.http.impl.io.AbstractSessionInputBuffer.readLine(AbstractSessionInputBuffer.java:271)
	at org.apache.http.impl.conn.DefaultHttpResponseParser.parseHead(DefaultHttpResponseParser.java:138)
	at org.apache.http.impl.conn.DefaultHttpResponseParser.parseHead(DefaultHttpResponseParser.java:56)
	at org.apache.http.impl.io.AbstractMessageParser.parse(AbstractMessageParser.java:259)
	at org.apache.http.impl.AbstractHttpClientConnection.receiveResponseHeader(AbstractHttpClientConnection.java:281)
	at org.apache.http.impl.conn.DefaultClientConnection.receiveResponseHeader(DefaultClientConnection.java:257)
	at org.apache.http.impl.conn.AbstractClientConnAdapter.receiveResponseHeader(AbstractClientConnAdapter.java:230)
	at org.apache.http.protocol.HttpRequestExecutor.doReceiveResponse(HttpRequestExecutor.java:273)
	at org.apache.http.protocol.HttpRequestExecutor.execute(HttpRequestExecutor.java:125)
	at org.apache.http.impl.client.DefaultRequestDirector.tryExecute(DefaultRequestDirector.java:684)
	at org.apache.http.impl.client.DefaultRequestDirector.execute(DefaultRequestDirector.java:486)
	at org.apache.http.impl.client.AbstractHttpClient.doExecute(AbstractHttpClient.java:835)
	at org.apache.http.impl.client.CloseableHttpClient.execute(CloseableHttpClient.java:118)
	at org.apache.http.impl.client.CloseableHttpClient.execute(CloseableHttpClient.java:56)
	at com.sun.jersey.client.apache4.ApacheHttpClient4Handler.handle(ApacheHttpClient4Handler.java:173)
	... 29 common frames omitted
[ ERROR] [2019-01-18 03:08:35] com.netflix.discovery.shared.transport.decorator.RedirectingEurekaHttpClient -Request execution error
com.sun.jersey.api.client.ClientHandlerException: java.net.SocketTimeoutException: Read timed out
	at com.sun.jersey.client.apache4.ApacheHttpClient4Handler.handle(ApacheHttpClient4Handler.java:187)
	at com.sun.jersey.api.client.filter.GZIPContentEncodingFilter.handle(GZIPContentEncodingFilter.java:123)
	at com.netflix.discovery.EurekaIdentityHeaderFilter.handle(EurekaIdentityHeaderFilter.java:27)
	at com.sun.jersey.api.client.Client.handle(Client.java:652)
	at com.sun.jersey.api.client.WebResource.handle(WebResource.java:682)
	at com.sun.jersey.api.client.WebResource.access$200(WebResource.java:74)
	at com.sun.jersey.api.client.WebResource$Builder.put(WebResource.java:529)
	at com.netflix.discovery.shared.transport.jersey.AbstractJerseyEurekaHttpClient.sendHeartBeat(AbstractJerseyEurekaHttpClient.java:102)
	at com.netflix.discovery.shared.transport.decorator.EurekaHttpClientDecorator$3.execute(EurekaHttpClientDecorator.java:92)
	at com.netflix.discovery.shared.transport.decorator.MetricsCollectingEurekaHttpClient.execute(MetricsCollectingEurekaHttpClient.java:73)
	at com.netflix.discovery.shared.transport.decorator.EurekaHttpClientDecorator.sendHeartBeat(EurekaHttpClientDecorator.java:89)
	at com.netflix.discovery.shared.transport.decorator.EurekaHttpClientDecorator$3.execute(EurekaHttpClientDecorator.java:92)
	at com.netflix.discovery.shared.transport.decorator.RedirectingEurekaHttpClient.execute(RedirectingEurekaHttpClient.java:89)
	at com.netflix.discovery.shared.transport.decorator.EurekaHttpClientDecorator.sendHeartBeat(EurekaHttpClientDecorator.java:89)
	at com.netflix.discovery.shared.transport.decorator.EurekaHttpClientDecorator$3.execute(EurekaHttpClientDecorator.java:92)
	at com.netflix.discovery.shared.transport.decorator.RetryableEurekaHttpClient.execute(RetryableEurekaHttpClient.java:119)
	at com.netflix.discovery.shared.transport.decorator.EurekaHttpClientDecorator.sendHeartBeat(EurekaHttpClientDecorator.java:89)
	at com.netflix.discovery.shared.transport.decorator.EurekaHttpClientDecorator$3.execute(EurekaHttpClientDecorator.java:92)
	at com.netflix.discovery.shared.transport.decorator.SessionedEurekaHttpClient.execute(SessionedEurekaHttpClient.java:77)
	at com.netflix.discovery.shared.transport.decorator.EurekaHttpClientDecorator.sendHeartBeat(EurekaHttpClientDecorator.java:89)
	at com.netflix.discovery.DiscoveryClient.renew(DiscoveryClient.java:815)
	at com.netflix.discovery.DiscoveryClient$HeartbeatThread.run(DiscoveryClient.java:1379)
	at java.util.concurrent.Executors$RunnableAdapter.call(Executors.java:511)
	at java.util.concurrent.FutureTask.run(FutureTask.java:266)
	at java.util.concurrent.ThreadPoolExecutor.runWorker(ThreadPoolExecutor.java:1142)
	at java.util.concurrent.ThreadPoolExecutor$Worker.run(ThreadPoolExecutor.java:617)
	at java.lang.Thread.run(Thread.java:745)
Caused by: java.net.SocketTimeoutException: Read timed out
	at java.net.SocketInputStream.socketRead0(Native Method)
	at java.net.SocketInputStream.socketRead(SocketInputStream.java:116)
	at java.net.SocketInputStream.read(SocketInputStream.java:170)
	at java.net.SocketInputStream.read(SocketInputStream.java:141)
	at org.apache.http.impl.io.AbstractSessionInputBuffer.fillBuffer(AbstractSessionInputBuffer.java:158)
	at org.apache.http.impl.io.SocketInputBuffer.fillBuffer(SocketInputBuffer.java:82)
	at org.apache.http.impl.io.AbstractSessionInputBuffer.readLine(AbstractSessionInputBuffer.java:271)
	at org.apache.http.impl.conn.DefaultHttpResponseParser.parseHead(DefaultHttpResponseParser.java:138)
	at org.apache.http.impl.conn.DefaultHttpResponseParser.parseHead(DefaultHttpResponseParser.java:56)
	at org.apache.http.impl.io.AbstractMessageParser.parse(AbstractMessageParser.java:259)
	at org.apache.http.impl.AbstractHttpClientConnection.receiveResponseHeader(AbstractHttpClientConnection.java:281)
	at org.apache.http.impl.conn.DefaultClientConnection.receiveResponseHeader(DefaultClientConnection.java:257)
	at org.apache.http.impl.conn.AbstractClientConnAdapter.receiveResponseHeader(AbstractClientConnAdapter.java:230)
	at org.apache.http.protocol.HttpRequestExecutor.doReceiveResponse(HttpRequestExecutor.java:273)
	at org.apache.http.protocol.HttpRequestExecutor.execute(HttpRequestExecutor.java:125)
	at org.apache.http.impl.client.DefaultRequestDirector.tryExecute(DefaultRequestDirector.java:684)
	at org.apache.http.impl.client.DefaultRequestDirector.execute(DefaultRequestDirector.java:486)
	at org.apache.http.impl.client.AbstractHttpClient.doExecute(AbstractHttpClient.java:835)
	at org.apache.http.impl.client.CloseableHttpClient.execute(CloseableHttpClient.java:118)
	at org.apache.http.impl.client.CloseableHttpClient.execute(CloseableHttpClient.java:56)
	at com.sun.jersey.client.apache4.ApacheHttpClient4Handler.handle(ApacheHttpClient4Handler.java:173)
	... 26 common frames omitted
[ WARN ] [2019-01-18 03:08:36] com.netflix.discovery.shared.transport.decorator.RetryableEurekaHttpClient -Request execution failed with message: java.net.SocketTimeoutException: Read timed out
[ WARN ] [2019-01-18 03:08:36] com.netflix.discovery.shared.transport.decorator.RetryableEurekaHttpClient -Request execution failed with message: java.net.SocketTimeoutException: Read timed out
[ ERROR] [2019-01-18 03:08:44] com.netflix.discovery.shared.transport.decorator.RedirectingEurekaHttpClient -Request execution error
com.sun.jersey.api.client.ClientHandlerException: java.net.SocketTimeoutException: Read timed out
	at com.sun.jersey.client.apache4.ApacheHttpClient4Handler.handle(ApacheHttpClient4Handler.java:187)
	at com.sun.jersey.api.client.filter.GZIPContentEncodingFilter.handle(GZIPContentEncodingFilter.java:123)
	at com.netflix.discovery.EurekaIdentityHeaderFilter.handle(EurekaIdentityHeaderFilter.java:27)
	at com.sun.jersey.api.client.Client.handle(Client.java:652)
	at com.sun.jersey.api.client.WebResource.handle(WebResource.java:682)
	at com.sun.jersey.api.client.WebResource.access$200(WebResource.java:74)
	at com.sun.jersey.api.client.WebResource$Builder.put(WebResource.java:529)
	at com.netflix.discovery.shared.transport.jersey.AbstractJerseyEurekaHttpClient.sendHeartBeat(AbstractJerseyEurekaHttpClient.java:102)
	at com.netflix.discovery.shared.transport.decorator.EurekaHttpClientDecorator$3.execute(EurekaHttpClientDecorator.java:92)
	at com.netflix.discovery.shared.transport.decorator.MetricsCollectingEurekaHttpClient.execute(MetricsCollectingEurekaHttpClient.java:73)
	at com.netflix.discovery.shared.transport.decorator.EurekaHttpClientDecorator.sendHeartBeat(EurekaHttpClientDecorator.java:89)
	at com.netflix.discovery.shared.transport.decorator.EurekaHttpClientDecorator$3.execute(EurekaHttpClientDecorator.java:92)
	at com.netflix.discovery.shared.transport.decorator.RedirectingEurekaHttpClient.executeOnNewServer(RedirectingEurekaHttpClient.java:118)
	at com.netflix.discovery.shared.transport.decorator.RedirectingEurekaHttpClient.execute(RedirectingEurekaHttpClient.java:79)
	at com.netflix.discovery.shared.transport.decorator.EurekaHttpClientDecorator.sendHeartBeat(EurekaHttpClientDecorator.java:89)
	at com.netflix.discovery.shared.transport.decorator.EurekaHttpClientDecorator$3.execute(EurekaHttpClientDecorator.java:92)
	at com.netflix.discovery.shared.transport.decorator.RetryableEurekaHttpClient.execute(RetryableEurekaHttpClient.java:119)
	at com.netflix.discovery.shared.transport.decorator.EurekaHttpClientDecorator.sendHeartBeat(EurekaHttpClientDecorator.java:89)
	at com.netflix.discovery.shared.transport.decorator.EurekaHttpClientDecorator$3.execute(EurekaHttpClientDecorator.java:92)
	at com.netflix.discovery.shared.transport.decorator.SessionedEurekaHttpClient.execute(SessionedEurekaHttpClient.java:77)
	at com.netflix.discovery.shared.transport.decorator.EurekaHttpClientDecorator.sendHeartBeat(EurekaHttpClientDecorator.java:89)
	at com.netflix.discovery.DiscoveryClient.renew(DiscoveryClient.java:815)
	at com.netflix.discovery.DiscoveryClient$HeartbeatThread.run(DiscoveryClient.java:1379)
	at java.util.concurrent.Executors$RunnableAdapter.call(Executors.java:511)
	at java.util.concurrent.FutureTask.run(FutureTask.java:266)
	at java.util.concurrent.ThreadPoolExecutor.runWorker(ThreadPoolExecutor.java:1142)
	at java.util.concurrent.ThreadPoolExecutor$Worker.run(ThreadPoolExecutor.java:617)
	at java.lang.Thread.run(Thread.java:745)
Caused by: java.net.SocketTimeoutException: Read timed out
	at java.net.SocketInputStream.socketRead0(Native Method)
	at java.net.SocketInputStream.socketRead(SocketInputStream.java:116)
	at java.net.SocketInputStream.read(SocketInputStream.java:170)
	at java.net.SocketInputStream.read(SocketInputStream.java:141)
	at org.apache.http.impl.io.AbstractSessionInputBuffer.fillBuffer(AbstractSessionInputBuffer.java:158)
	at org.apache.http.impl.io.SocketInputBuffer.fillBuffer(SocketInputBuffer.java:82)
	at org.apache.http.impl.io.AbstractSessionInputBuffer.readLine(AbstractSessionInputBuffer.java:271)
	at org.apache.http.impl.conn.DefaultHttpResponseParser.parseHead(DefaultHttpResponseParser.java:138)
	at org.apache.http.impl.conn.DefaultHttpResponseParser.parseHead(DefaultHttpResponseParser.java:56)
	at org.apache.http.impl.io.AbstractMessageParser.parse(AbstractMessageParser.java:259)
	at org.apache.http.impl.AbstractHttpClientConnection.receiveResponseHeader(AbstractHttpClientConnection.java:281)
	at org.apache.http.impl.conn.DefaultClientConnection.receiveResponseHeader(DefaultClientConnection.java:257)
	at org.apache.http.impl.conn.AbstractClientConnAdapter.receiveResponseHeader(AbstractClientConnAdapter.java:230)
	at org.apache.http.protocol.HttpRequestExecutor.doReceiveResponse(HttpRequestExecutor.java:273)
	at org.apache.http.protocol.HttpRequestExecutor.execute(HttpRequestExecutor.java:125)
	at org.apache.http.impl.client.DefaultRequestDirector.tryExecute(DefaultRequestDirector.java:684)
	at org.apache.http.impl.client.DefaultRequestDirector.execute(DefaultRequestDirector.java:486)
	at org.apache.http.impl.client.AbstractHttpClient.doExecute(AbstractHttpClient.java:835)
	at org.apache.http.impl.client.CloseableHttpClient.execute(CloseableHttpClient.java:118)
	at org.apache.http.impl.client.CloseableHttpClient.execute(CloseableHttpClient.java:56)
	at com.sun.jersey.client.apache4.ApacheHttpClient4Handler.handle(ApacheHttpClient4Handler.java:173)
	... 27 common frames omitted
[ WARN ] [2019-01-18 03:08:44] com.netflix.discovery.shared.transport.decorator.RetryableEurekaHttpClient -Request execution failed with message: java.net.SocketTimeoutException: Read timed out
[ ERROR] [2019-01-18 03:08:45] com.netflix.discovery.shared.transport.decorator.RedirectingEurekaHttpClient -Request execution error
com.sun.jersey.api.client.ClientHandlerException: java.net.SocketTimeoutException: Read timed out
	at com.sun.jersey.client.apache4.ApacheHttpClient4Handler.handle(ApacheHttpClient4Handler.java:187)
	at com.sun.jersey.api.client.filter.GZIPContentEncodingFilter.handle(GZIPContentEncodingFilter.java:123)
	at com.netflix.discovery.EurekaIdentityHeaderFilter.handle(EurekaIdentityHeaderFilter.java:27)
	at com.sun.jersey.api.client.Client.handle(Client.java:652)
	at com.sun.jersey.api.client.WebResource.handle(WebResource.java:682)
	at com.sun.jersey.api.client.WebResource.access$200(WebResource.java:74)
	at com.sun.jersey.api.client.WebResource$Builder.get(WebResource.java:509)
	at com.netflix.discovery.shared.transport.jersey.AbstractJerseyEurekaHttpClient.getApplicationsInternal(AbstractJerseyEurekaHttpClient.java:194)
	at com.netflix.discovery.shared.transport.jersey.AbstractJerseyEurekaHttpClient.getDelta(AbstractJerseyEurekaHttpClient.java:170)
	at com.netflix.discovery.shared.transport.decorator.EurekaHttpClientDecorator$7.execute(EurekaHttpClientDecorator.java:152)
	at com.netflix.discovery.shared.transport.decorator.MetricsCollectingEurekaHttpClient.execute(MetricsCollectingEurekaHttpClient.java:73)
	at com.netflix.discovery.shared.transport.decorator.EurekaHttpClientDecorator.getDelta(EurekaHttpClientDecorator.java:149)
	at com.netflix.discovery.shared.transport.decorator.EurekaHttpClientDecorator$7.execute(EurekaHttpClientDecorator.java:152)
	at com.netflix.discovery.shared.transport.decorator.RedirectingEurekaHttpClient.executeOnNewServer(RedirectingEurekaHttpClient.java:118)
	at com.netflix.discovery.shared.transport.decorator.RedirectingEurekaHttpClient.execute(RedirectingEurekaHttpClient.java:79)
	at com.netflix.discovery.shared.transport.decorator.EurekaHttpClientDecorator.getDelta(EurekaHttpClientDecorator.java:149)
	at com.netflix.discovery.shared.transport.decorator.EurekaHttpClientDecorator$7.execute(EurekaHttpClientDecorator.java:152)
	at com.netflix.discovery.shared.transport.decorator.RetryableEurekaHttpClient.execute(RetryableEurekaHttpClient.java:119)
	at com.netflix.discovery.shared.transport.decorator.EurekaHttpClientDecorator.getDelta(EurekaHttpClientDecorator.java:149)
	at com.netflix.discovery.shared.transport.decorator.EurekaHttpClientDecorator$7.execute(EurekaHttpClientDecorator.java:152)
	at com.netflix.discovery.shared.transport.decorator.SessionedEurekaHttpClient.execute(SessionedEurekaHttpClient.java:77)
	at com.netflix.discovery.shared.transport.decorator.EurekaHttpClientDecorator.getDelta(EurekaHttpClientDecorator.java:149)
	at com.netflix.discovery.DiscoveryClient.getAndUpdateDelta(DiscoveryClient.java:1047)
	at com.netflix.discovery.DiscoveryClient.fetchRegistry(DiscoveryClient.java:929)
	at com.netflix.discovery.DiscoveryClient.refreshRegistry(DiscoveryClient.java:1451)
	at com.netflix.discovery.DiscoveryClient$CacheRefreshThread.run(DiscoveryClient.java:1418)
	at java.util.concurrent.Executors$RunnableAdapter.call(Executors.java:511)
	at java.util.concurrent.FutureTask.run(FutureTask.java:266)
	at java.util.concurrent.ThreadPoolExecutor.runWorker(ThreadPoolExecutor.java:1142)
	at java.util.concurrent.ThreadPoolExecutor$Worker.run(ThreadPoolExecutor.java:617)
	at java.lang.Thread.run(Thread.java:745)
Caused by: java.net.SocketTimeoutException: Read timed out
	at java.net.SocketInputStream.socketRead0(Native Method)
	at java.net.SocketInputStream.socketRead(SocketInputStream.java:116)
	at java.net.SocketInputStream.read(SocketInputStream.java:170)
	at java.net.SocketInputStream.read(SocketInputStream.java:141)
	at org.apache.http.impl.io.AbstractSessionInputBuffer.fillBuffer(AbstractSessionInputBuffer.java:158)
	at org.apache.http.impl.io.SocketInputBuffer.fillBuffer(SocketInputBuffer.java:82)
	at org.apache.http.impl.io.AbstractSessionInputBuffer.readLine(AbstractSessionInputBuffer.java:271)
	at org.apache.http.impl.conn.DefaultHttpResponseParser.parseHead(DefaultHttpResponseParser.java:138)
	at org.apache.http.impl.conn.DefaultHttpResponseParser.parseHead(DefaultHttpResponseParser.java:56)
	at org.apache.http.impl.io.AbstractMessageParser.parse(AbstractMessageParser.java:259)
	at org.apache.http.impl.AbstractHttpClientConnection.receiveResponseHeader(AbstractHttpClientConnection.java:281)
	at org.apache.http.impl.conn.DefaultClientConnection.receiveResponseHeader(DefaultClientConnection.java:257)
	at org.apache.http.impl.conn.AbstractClientConnAdapter.receiveResponseHeader(AbstractClientConnAdapter.java:230)
	at org.apache.http.protocol.HttpRequestExecutor.doReceiveResponse(HttpRequestExecutor.java:273)
	at org.apache.http.protocol.HttpRequestExecutor.execute(HttpRequestExecutor.java:125)
	at org.apache.http.impl.client.DefaultRequestDirector.tryExecute(DefaultRequestDirector.java:684)
	at org.apache.http.impl.client.DefaultRequestDirector.execute(DefaultRequestDirector.java:486)
	at org.apache.http.impl.client.AbstractHttpClient.doExecute(AbstractHttpClient.java:835)
	at org.apache.http.impl.client.CloseableHttpClient.execute(CloseableHttpClient.java:118)
	at org.apache.http.impl.client.CloseableHttpClient.execute(CloseableHttpClient.java:56)
	at com.sun.jersey.client.apache4.ApacheHttpClient4Handler.handle(ApacheHttpClient4Handler.java:173)
	... 30 common frames omitted
[ WARN ] [2019-01-18 03:08:45] com.netflix.discovery.shared.transport.decorator.RetryableEurekaHttpClient -Request execution failed with message: java.net.SocketTimeoutException: Read timed out
[ ERROR] [2019-01-18 03:08:46] com.netflix.discovery.DiscoveryClient -DiscoveryClient_DEMO-USER-SERVICE/10.10.1.210:6608 - was unable to refresh its cache! status = Cannot execute request on any known server
com.netflix.discovery.shared.transport.TransportException: Cannot execute request on any known server
	at com.netflix.discovery.shared.transport.decorator.RetryableEurekaHttpClient.execute(RetryableEurekaHttpClient.java:111)
	at com.netflix.discovery.shared.transport.decorator.EurekaHttpClientDecorator.getDelta(EurekaHttpClientDecorator.java:149)
	at com.netflix.discovery.shared.transport.decorator.EurekaHttpClientDecorator$7.execute(EurekaHttpClientDecorator.java:152)
	at com.netflix.discovery.shared.transport.decorator.SessionedEurekaHttpClient.execute(SessionedEurekaHttpClient.java:77)
	at com.netflix.discovery.shared.transport.decorator.EurekaHttpClientDecorator.getDelta(EurekaHttpClientDecorator.java:149)
	at com.netflix.discovery.DiscoveryClient.getAndUpdateDelta(DiscoveryClient.java:1047)
	at com.netflix.discovery.DiscoveryClient.fetchRegistry(DiscoveryClient.java:929)
	at com.netflix.discovery.DiscoveryClient.refreshRegistry(DiscoveryClient.java:1451)
	at com.netflix.discovery.DiscoveryClient$CacheRefreshThread.run(DiscoveryClient.java:1418)
	at java.util.concurrent.Executors$RunnableAdapter.call(Executors.java:511)
	at java.util.concurrent.FutureTask.run(FutureTask.java:266)
	at java.util.concurrent.ThreadPoolExecutor.runWorker(ThreadPoolExecutor.java:1142)
	at java.util.concurrent.ThreadPoolExecutor$Worker.run(ThreadPoolExecutor.java:617)
	at java.lang.Thread.run(Thread.java:745)
[ ERROR] [2019-01-18 03:08:46] com.netflix.discovery.DiscoveryClient -DiscoveryClient_DEMO-USER-SERVICE/10.10.1.210:6608 - was unable to send heartbeat!
com.netflix.discovery.shared.transport.TransportException: Cannot execute request on any known server
	at com.netflix.discovery.shared.transport.decorator.RetryableEurekaHttpClient.execute(RetryableEurekaHttpClient.java:111)
	at com.netflix.discovery.shared.transport.decorator.EurekaHttpClientDecorator.sendHeartBeat(EurekaHttpClientDecorator.java:89)
	at com.netflix.discovery.shared.transport.decorator.EurekaHttpClientDecorator$3.execute(EurekaHttpClientDecorator.java:92)
	at com.netflix.discovery.shared.transport.decorator.SessionedEurekaHttpClient.execute(SessionedEurekaHttpClient.java:77)
	at com.netflix.discovery.shared.transport.decorator.EurekaHttpClientDecorator.sendHeartBeat(EurekaHttpClientDecorator.java:89)
	at com.netflix.discovery.DiscoveryClient.renew(DiscoveryClient.java:815)
	at com.netflix.discovery.DiscoveryClient$HeartbeatThread.run(DiscoveryClient.java:1379)
	at java.util.concurrent.Executors$RunnableAdapter.call(Executors.java:511)
	at java.util.concurrent.FutureTask.run(FutureTask.java:266)
	at java.util.concurrent.ThreadPoolExecutor.runWorker(ThreadPoolExecutor.java:1142)
	at java.util.concurrent.ThreadPoolExecutor$Worker.run(ThreadPoolExecutor.java:617)
	at java.lang.Thread.run(Thread.java:745)
[ INFO ] [2019-01-18 03:10:42] com.netflix.discovery.shared.resolver.aws.ConfigClusterResolver -Resolving eureka endpoints via configuration
[ INFO ] [2019-01-18 03:15:42] com.netflix.discovery.shared.resolver.aws.ConfigClusterResolver -Resolving eureka endpoints via configuration
[ INFO ] [2019-01-18 03:20:42] com.netflix.discovery.shared.resolver.aws.ConfigClusterResolver -Resolving eureka endpoints via configuration
[ INFO ] [2019-01-18 03:25:42] com.netflix.discovery.shared.resolver.aws.ConfigClusterResolver -Resolving eureka endpoints via configuration
[ INFO ] [2019-01-18 03:30:42] com.netflix.discovery.shared.resolver.aws.ConfigClusterResolver -Resolving eureka endpoints via configuration
[ INFO ] [2019-01-18 03:35:42] com.netflix.discovery.shared.resolver.aws.ConfigClusterResolver -Resolving eureka endpoints via configuration
[ INFO ] [2019-01-18 03:40:42] com.netflix.discovery.shared.resolver.aws.ConfigClusterResolver -Resolving eureka endpoints via configuration
[ INFO ] [2019-01-18 03:45:42] com.netflix.discovery.shared.resolver.aws.ConfigClusterResolver -Resolving eureka endpoints via configuration
[ INFO ] [2019-01-18 03:50:42] com.netflix.discovery.shared.resolver.aws.ConfigClusterResolver -Resolving eureka endpoints via configuration
[ INFO ] [2019-01-18 03:55:42] com.netflix.discovery.shared.resolver.aws.ConfigClusterResolver -Resolving eureka endpoints via configuration
[ INFO ] [2019-01-18 04:00:42] com.netflix.discovery.shared.resolver.aws.ConfigClusterResolver -Resolving eureka endpoints via configuration
[ INFO ] [2019-01-18 04:05:42] com.netflix.discovery.shared.resolver.aws.ConfigClusterResolver -Resolving eureka endpoints via configuration
[ INFO ] [2019-01-18 04:10:42] com.netflix.discovery.shared.resolver.aws.ConfigClusterResolver -Resolving eureka endpoints via configuration
[ INFO ] [2019-01-18 04:15:42] com.netflix.discovery.shared.resolver.aws.ConfigClusterResolver -Resolving eureka endpoints via configuration
[ INFO ] [2019-01-18 04:20:42] com.netflix.discovery.shared.resolver.aws.ConfigClusterResolver -Resolving eureka endpoints via configuration
[ INFO ] [2019-01-18 04:25:42] com.netflix.discovery.shared.resolver.aws.ConfigClusterResolver -Resolving eureka endpoints via configuration
[ INFO ] [2019-01-18 04:30:42] com.netflix.discovery.shared.resolver.aws.ConfigClusterResolver -Resolving eureka endpoints via configuration
[ INFO ] [2019-01-18 04:35:42] com.netflix.discovery.shared.resolver.aws.ConfigClusterResolver -Resolving eureka endpoints via configuration
[ INFO ] [2019-01-18 04:40:42] com.netflix.discovery.shared.resolver.aws.ConfigClusterResolver -Resolving eureka endpoints via configuration
[ INFO ] [2019-01-18 04:45:42] com.netflix.discovery.shared.resolver.aws.ConfigClusterResolver -Resolving eureka endpoints via configuration
[ INFO ] [2019-01-18 04:50:42] com.netflix.discovery.shared.resolver.aws.ConfigClusterResolver -Resolving eureka endpoints via configuration
[ INFO ] [2019-01-18 04:55:43] com.netflix.discovery.shared.resolver.aws.ConfigClusterResolver -Resolving eureka endpoints via configuration
[ INFO ] [2019-01-18 05:00:43] com.netflix.discovery.shared.resolver.aws.ConfigClusterResolver -Resolving eureka endpoints via configuration
[ INFO ] [2019-01-18 05:05:43] com.netflix.discovery.shared.resolver.aws.ConfigClusterResolver -Resolving eureka endpoints via configuration
[ INFO ] [2019-01-18 05:10:43] com.netflix.discovery.shared.resolver.aws.ConfigClusterResolver -Resolving eureka endpoints via configuration
[ INFO ] [2019-01-18 05:15:43] com.netflix.discovery.shared.resolver.aws.ConfigClusterResolver -Resolving eureka endpoints via configuration
[ INFO ] [2019-01-18 05:20:43] com.netflix.discovery.shared.resolver.aws.ConfigClusterResolver -Resolving eureka endpoints via configuration
[ INFO ] [2019-01-18 05:25:43] com.netflix.discovery.shared.resolver.aws.ConfigClusterResolver -Resolving eureka endpoints via configuration
[ INFO ] [2019-01-18 05:30:43] com.netflix.discovery.shared.resolver.aws.ConfigClusterResolver -Resolving eureka endpoints via configuration
[ INFO ] [2019-01-18 05:35:43] com.netflix.discovery.shared.resolver.aws.ConfigClusterResolver -Resolving eureka endpoints via configuration
[ INFO ] [2019-01-18 05:40:43] com.netflix.discovery.shared.resolver.aws.ConfigClusterResolver -Resolving eureka endpoints via configuration
[ INFO ] [2019-01-18 05:45:43] com.netflix.discovery.shared.resolver.aws.ConfigClusterResolver -Resolving eureka endpoints via configuration
[ INFO ] [2019-01-18 05:50:43] com.netflix.discovery.shared.resolver.aws.ConfigClusterResolver -Resolving eureka endpoints via configuration
[ INFO ] [2019-01-18 05:55:43] com.netflix.discovery.shared.resolver.aws.ConfigClusterResolver -Resolving eureka endpoints via configuration
[ INFO ] [2019-01-18 06:00:43] com.netflix.discovery.shared.resolver.aws.ConfigClusterResolver -Resolving eureka endpoints via configuration
[ INFO ] [2019-01-18 06:05:43] com.netflix.discovery.shared.resolver.aws.ConfigClusterResolver -Resolving eureka endpoints via configuration
[ INFO ] [2019-01-18 06:10:43] com.netflix.discovery.shared.resolver.aws.ConfigClusterResolver -Resolving eureka endpoints via configuration
[ INFO ] [2019-01-18 06:15:43] com.netflix.discovery.shared.resolver.aws.ConfigClusterResolver -Resolving eureka endpoints via configuration
[ INFO ] [2019-01-18 06:20:43] com.netflix.discovery.shared.resolver.aws.ConfigClusterResolver -Resolving eureka endpoints via configuration
[ INFO ] [2019-01-18 06:25:43] com.netflix.discovery.shared.resolver.aws.ConfigClusterResolver -Resolving eureka endpoints via configuration
[ INFO ] [2019-01-18 06:30:44] com.netflix.discovery.shared.resolver.aws.ConfigClusterResolver -Resolving eureka endpoints via configuration
[ INFO ] [2019-01-18 06:35:44] com.netflix.discovery.shared.resolver.aws.ConfigClusterResolver -Resolving eureka endpoints via configuration
[ INFO ] [2019-01-18 06:40:44] com.netflix.discovery.shared.resolver.aws.ConfigClusterResolver -Resolving eureka endpoints via configuration
[ INFO ] [2019-01-18 06:45:44] com.netflix.discovery.shared.resolver.aws.ConfigClusterResolver -Resolving eureka endpoints via configuration
[ INFO ] [2019-01-18 06:50:44] com.netflix.discovery.shared.resolver.aws.ConfigClusterResolver -Resolving eureka endpoints via configuration
[ INFO ] [2019-01-18 06:55:44] com.netflix.discovery.shared.resolver.aws.ConfigClusterResolver -Resolving eureka endpoints via configuration
[ INFO ] [2019-01-18 07:00:44] com.netflix.discovery.shared.resolver.aws.ConfigClusterResolver -Resolving eureka endpoints via configuration
[ INFO ] [2019-01-18 07:05:44] com.netflix.discovery.shared.resolver.aws.ConfigClusterResolver -Resolving eureka endpoints via configuration
[ INFO ] [2019-01-18 07:10:44] com.netflix.discovery.shared.resolver.aws.ConfigClusterResolver -Resolving eureka endpoints via configuration
[ INFO ] [2019-01-18 07:15:44] com.netflix.discovery.shared.resolver.aws.ConfigClusterResolver -Resolving eureka endpoints via configuration
[ INFO ] [2019-01-18 07:20:44] com.netflix.discovery.shared.resolver.aws.ConfigClusterResolver -Resolving eureka endpoints via configuration
[ INFO ] [2019-01-18 07:25:44] com.netflix.discovery.shared.resolver.aws.ConfigClusterResolver -Resolving eureka endpoints via configuration
[ INFO ] [2019-01-18 07:30:44] com.netflix.discovery.shared.resolver.aws.ConfigClusterResolver -Resolving eureka endpoints via configuration
[ INFO ] [2019-01-18 07:35:44] com.netflix.discovery.shared.resolver.aws.ConfigClusterResolver -Resolving eureka endpoints via configuration
[ INFO ] [2019-01-18 07:40:44] com.netflix.discovery.shared.resolver.aws.ConfigClusterResolver -Resolving eureka endpoints via configuration
[ INFO ] [2019-01-18 07:45:44] com.netflix.discovery.shared.resolver.aws.ConfigClusterResolver -Resolving eureka endpoints via configuration
[ INFO ] [2019-01-18 07:50:44] com.netflix.discovery.shared.resolver.aws.ConfigClusterResolver -Resolving eureka endpoints via configuration
[ INFO ] [2019-01-18 07:55:44] com.netflix.discovery.shared.resolver.aws.ConfigClusterResolver -Resolving eureka endpoints via configuration
[ INFO ] [2019-01-18 08:00:44] com.netflix.discovery.shared.resolver.aws.ConfigClusterResolver -Resolving eureka endpoints via configuration
[ INFO ] [2019-01-18 08:05:44] com.netflix.discovery.shared.resolver.aws.ConfigClusterResolver -Resolving eureka endpoints via configuration
[ INFO ] [2019-01-18 08:10:44] com.netflix.discovery.shared.resolver.aws.ConfigClusterResolver -Resolving eureka endpoints via configuration
[ INFO ] [2019-01-18 08:15:44] com.netflix.discovery.shared.resolver.aws.ConfigClusterResolver -Resolving eureka endpoints via configuration
[ INFO ] [2019-01-18 08:20:44] com.netflix.discovery.shared.resolver.aws.ConfigClusterResolver -Resolving eureka endpoints via configuration
[ INFO ] [2019-01-18 08:25:44] com.netflix.discovery.shared.resolver.aws.ConfigClusterResolver -Resolving eureka endpoints via configuration
[ INFO ] [2019-01-18 08:30:44] com.netflix.discovery.shared.resolver.aws.ConfigClusterResolver -Resolving eureka endpoints via configuration
[ INFO ] [2019-01-18 08:35:44] com.netflix.discovery.shared.resolver.aws.ConfigClusterResolver -Resolving eureka endpoints via configuration
[ INFO ] [2019-01-18 08:40:45] com.netflix.discovery.shared.resolver.aws.ConfigClusterResolver -Resolving eureka endpoints via configuration
[ INFO ] [2019-01-18 08:45:45] com.netflix.discovery.shared.resolver.aws.ConfigClusterResolver -Resolving eureka endpoints via configuration
[ INFO ] [2019-01-18 08:50:45] com.netflix.discovery.shared.resolver.aws.ConfigClusterResolver -Resolving eureka endpoints via configuration
[ INFO ] [2019-01-18 08:55:45] com.netflix.discovery.shared.resolver.aws.ConfigClusterResolver -Resolving eureka endpoints via configuration
[ INFO ] [2019-01-18 09:00:45] com.netflix.discovery.shared.resolver.aws.ConfigClusterResolver -Resolving eureka endpoints via configuration
[ INFO ] [2019-01-18 09:05:45] com.netflix.discovery.shared.resolver.aws.ConfigClusterResolver -Resolving eureka endpoints via configuration
[ INFO ] [2019-01-18 09:10:45] com.netflix.discovery.shared.resolver.aws.ConfigClusterResolver -Resolving eureka endpoints via configuration
[ INFO ] [2019-01-18 09:15:45] com.netflix.discovery.shared.resolver.aws.ConfigClusterResolver -Resolving eureka endpoints via configuration
[ INFO ] [2019-01-18 09:20:45] com.netflix.discovery.shared.resolver.aws.ConfigClusterResolver -Resolving eureka endpoints via configuration
[ INFO ] [2019-01-18 09:25:45] com.netflix.discovery.shared.resolver.aws.ConfigClusterResolver -Resolving eureka endpoints via configuration
[ INFO ] [2019-01-18 09:30:45] com.netflix.discovery.shared.resolver.aws.ConfigClusterResolver -Resolving eureka endpoints via configuration
[ INFO ] [2019-01-18 09:35:45] com.netflix.discovery.shared.resolver.aws.ConfigClusterResolver -Resolving eureka endpoints via configuration
[ INFO ] [2019-01-18 09:40:45] com.netflix.discovery.shared.resolver.aws.ConfigClusterResolver -Resolving eureka endpoints via configuration
[ INFO ] [2019-01-18 09:45:45] com.netflix.discovery.shared.resolver.aws.ConfigClusterResolver -Resolving eureka endpoints via configuration
[ INFO ] [2019-01-18 09:50:45] com.netflix.discovery.shared.resolver.aws.ConfigClusterResolver -Resolving eureka endpoints via configuration
[ INFO ] [2019-01-18 09:55:45] com.netflix.discovery.shared.resolver.aws.ConfigClusterResolver -Resolving eureka endpoints via configuration
[ INFO ] [2019-01-18 10:00:45] com.netflix.discovery.shared.resolver.aws.ConfigClusterResolver -Resolving eureka endpoints via configuration
[ INFO ] [2019-01-18 10:30:13] org.springframework.context.annotation.AnnotationConfigApplicationContext -Refreshing org.springframework.context.annotation.AnnotationConfigApplicationContext@70ab2d48: startup date [Fri Jan 18 10:30:13 CST 2019]; root of context hierarchy
[ INFO ] [2019-01-18 10:30:13] org.hibernate.validator.internal.util.Version -HV000001: Hibernate Validator 6.0.2.Final
[ INFO ] [2019-01-18 10:30:14] org.springframework.beans.factory.annotation.AutowiredAnnotationBeanPostProcessor -JSR-330 'javax.inject.Inject' annotation found and supported for autowiring
[ INFO ] [2019-01-18 10:30:14] org.springframework.context.support.PostProcessorRegistrationDelegate$BeanPostProcessorChecker -Bean 'configurationPropertiesRebinderAutoConfiguration' of type [org.springframework.cloud.autoconfigure.ConfigurationPropertiesRebinderAutoConfiguration$$EnhancerBySpringCGLIB$$5e106cc3] is not eligible for getting processed by all BeanPostProcessors (for example: not eligible for auto-proxying)
[ INFO ] [2019-01-18 10:30:15] org.springframework.cloud.netflix.eureka.InstanceInfoFactory -Setting initial instance status as: STARTING
[ INFO ] [2019-01-18 10:30:15] com.netflix.discovery.DiscoveryClient -Initializing Eureka in region us-east-1
[ INFO ] [2019-01-18 10:30:18] com.netflix.discovery.provider.DiscoveryJerseyProvider -Using JSON encoding codec LegacyJacksonJson
[ INFO ] [2019-01-18 10:30:18] com.netflix.discovery.provider.DiscoveryJerseyProvider -Using JSON decoding codec LegacyJacksonJson
[ INFO ] [2019-01-18 10:30:20] com.netflix.discovery.provider.DiscoveryJerseyProvider -Using XML encoding codec XStreamXml
[ INFO ] [2019-01-18 10:30:20] com.netflix.discovery.provider.DiscoveryJerseyProvider -Using XML decoding codec XStreamXml
[ INFO ] [2019-01-18 10:30:20] com.netflix.discovery.shared.resolver.aws.ConfigClusterResolver -Resolving eureka endpoints via configuration
[ INFO ] [2019-01-18 10:30:22] com.netflix.discovery.DiscoveryClient -Disable delta property : false
[ INFO ] [2019-01-18 10:30:22] com.netflix.discovery.DiscoveryClient -Single vip registry refresh property : null
[ INFO ] [2019-01-18 10:30:22] com.netflix.discovery.DiscoveryClient -Force full registry fetch : false
[ INFO ] [2019-01-18 10:30:22] com.netflix.discovery.DiscoveryClient -Application is null : false
[ INFO ] [2019-01-18 10:30:22] com.netflix.discovery.DiscoveryClient -Registered Applications size is zero : true
[ INFO ] [2019-01-18 10:30:22] com.netflix.discovery.DiscoveryClient -Application version is -1: true
[ INFO ] [2019-01-18 10:30:22] com.netflix.discovery.DiscoveryClient -Getting all instance registry info from the eureka server
[ INFO ] [2019-01-18 10:30:23] com.netflix.discovery.DiscoveryClient -The response status is 200
[ INFO ] [2019-01-18 10:30:23] com.netflix.discovery.DiscoveryClient -Not registering with Eureka server per configuration
[ INFO ] [2019-01-18 10:30:23] com.netflix.discovery.DiscoveryClient -Discovery Client initialized at timestamp 1547778623801 with initial instances count: 1
[ INFO ] [2019-01-18 10:30:24] org.springframework.cloud.config.client.ConfigServicePropertySourceLocator -Fetching config from server at: http://10.10.1.210:7742/
[ INFO ] [2019-01-18 10:30:25] org.springframework.cloud.config.client.ConfigServicePropertySourceLocator -Located environment: name=demo-user-service, global-swagger,global-db, profiles=[dev], label=master, version=null, state=null
[ INFO ] [2019-01-18 10:30:25] org.springframework.cloud.bootstrap.config.PropertySourceBootstrapConfiguration -Located property source: CompositePropertySource [name='configService', propertySources=[MapPropertySource {name='classpath:/config/dev/global-db.yml'}, MapPropertySource {name='classpath:/config/dev/demo-user-service.yml'}]]
[ INFO ] [2019-01-18 10:30:25] com.demo.user.UserApplication -No active profile set, falling back to default profiles: default
[ INFO ] [2019-01-18 10:30:25] org.springframework.boot.context.embedded.AnnotationConfigEmbeddedWebApplicationContext -Refreshing org.springframework.boot.context.embedded.AnnotationConfigEmbeddedWebApplicationContext@2dd63e3: startup date [Fri Jan 18 10:30:25 CST 2019]; parent: org.springframework.context.annotation.AnnotationConfigApplicationContext@70ab2d48
[ INFO ] [2019-01-18 10:30:31] org.springframework.cloud.context.scope.GenericScope -BeanFactory id=4a119542-2ba0-3219-a8fa-1d616e415c87
[ INFO ] [2019-01-18 10:30:31] org.springframework.beans.factory.annotation.AutowiredAnnotationBeanPostProcessor -JSR-330 'javax.inject.Inject' annotation found and supported for autowiring
[ INFO ] [2019-01-18 10:30:32] org.springframework.context.support.PostProcessorRegistrationDelegate$BeanPostProcessorChecker -Bean 'org.springframework.transaction.annotation.ProxyTransactionManagementConfiguration' of type [org.springframework.transaction.annotation.ProxyTransactionManagementConfiguration$$EnhancerBySpringCGLIB$$41f669c6] is not eligible for getting processed by all BeanPostProcessors (for example: not eligible for auto-proxying)
[ INFO ] [2019-01-18 10:30:32] org.springframework.context.support.PostProcessorRegistrationDelegate$BeanPostProcessorChecker -Bean 'org.springframework.cloud.netflix.metrics.MetricsInterceptorConfiguration$MetricsRestTemplateConfiguration' of type [org.springframework.cloud.netflix.metrics.MetricsInterceptorConfiguration$MetricsRestTemplateConfiguration$$EnhancerBySpringCGLIB$$74231007] is not eligible for getting processed by all BeanPostProcessors (for example: not eligible for auto-proxying)
[ INFO ] [2019-01-18 10:30:32] org.springframework.context.support.PostProcessorRegistrationDelegate$BeanPostProcessorChecker -Bean 'org.springframework.cloud.autoconfigure.ConfigurationPropertiesRebinderAutoConfiguration' of type [org.springframework.cloud.autoconfigure.ConfigurationPropertiesRebinderAutoConfiguration$$EnhancerBySpringCGLIB$$5e106cc3] is not eligible for getting processed by all BeanPostProcessors (for example: not eligible for auto-proxying)
[ INFO ] [2019-01-18 10:30:35] org.springframework.boot.context.embedded.tomcat.TomcatEmbeddedServletContainer -Tomcat initialized with port(s): 6608 (http)
[ INFO ] [2019-01-18 10:30:35] org.apache.catalina.core.StandardService -Starting service [Tomcat]
[ INFO ] [2019-01-18 10:30:35] org.apache.catalina.core.StandardEngine -Starting Servlet Engine: Apache Tomcat/8.5.20
[ INFO ] [2019-01-18 10:30:40] org.apache.catalina.core.ContainerBase.[Tomcat].[localhost].[/] -Initializing Spring embedded WebApplicationContext
[ INFO ] [2019-01-18 10:30:40] org.springframework.web.context.ContextLoader -Root WebApplicationContext: initialization completed in 14892 ms
[ INFO ] [2019-01-18 10:30:41] org.springframework.boot.web.servlet.ServletRegistrationBean -Mapping servlet: 'dispatcherServlet' to [/]
[ INFO ] [2019-01-18 10:30:41] org.springframework.boot.web.servlet.ServletRegistrationBean -Mapping servlet: 'statViewServlet' to [/druid/*]
[ INFO ] [2019-01-18 10:30:41] org.springframework.boot.web.servlet.FilterRegistrationBean -Mapping filter: 'metricsFilter' to: [/*]
[ INFO ] [2019-01-18 10:30:41] org.springframework.boot.web.servlet.FilterRegistrationBean -Mapping filter: 'characterEncodingFilter' to: [/*]
[ INFO ] [2019-01-18 10:30:41] org.springframework.boot.web.servlet.FilterRegistrationBean -Mapping filter: 'hiddenHttpMethodFilter' to: [/*]
[ INFO ] [2019-01-18 10:30:41] org.springframework.boot.web.servlet.FilterRegistrationBean -Mapping filter: 'httpPutFormContentFilter' to: [/*]
[ INFO ] [2019-01-18 10:30:41] org.springframework.boot.web.servlet.FilterRegistrationBean -Mapping filter: 'requestContextFilter' to: [/*]
[ INFO ] [2019-01-18 10:30:41] org.springframework.boot.web.servlet.FilterRegistrationBean -Mapping filter: 'webRequestLoggingFilter' to: [/*]
[ INFO ] [2019-01-18 10:30:41] org.springframework.boot.web.servlet.FilterRegistrationBean -Mapping filter: 'webStatFilter' to urls: [/*]
[ INFO ] [2019-01-18 10:30:41] org.springframework.boot.web.servlet.FilterRegistrationBean -Mapping filter: 'applicationContextIdFilter' to: [/*]
[ INFO ] [2019-01-18 10:30:48] org.springframework.web.servlet.mvc.method.annotation.RequestMappingHandlerMapping -Mapped "{[/user/queryUserDto],methods=[POST],consumes=[application/json;charset=UTF-8],produces=[application/json;charset=UTF-8]}" onto public com.demo.common.structure.ResultPageBean<java.util.List<com.demo.user.api.dto.rsp.UserDto>> com.demo.user.controller.UserControllerImpl.queryUserDto(com.demo.user.api.dto.req.QueryUserReq)
[ INFO ] [2019-01-18 10:30:48] org.springframework.web.servlet.mvc.method.annotation.RequestMappingHandlerMapping -Mapped "{[/user/queryUserById],methods=[POST],consumes=[application/json;charset=UTF-8],produces=[application/json;charset=UTF-8]}" onto public com.demo.common.structure.ResultBean<com.demo.user.api.dto.rsp.UserDto> com.demo.user.controller.UserControllerImpl.queryUserById(com.demo.user.api.dto.req.QueryShopById)
[ INFO ] [2019-01-18 10:30:48] org.springframework.web.servlet.mvc.method.annotation.RequestMappingHandlerMapping -Mapped "{[/v2/api-docs],methods=[GET],produces=[application/json || application/hal+json]}" onto public org.springframework.http.ResponseEntity<springfox.documentation.spring.web.json.Json> springfox.documentation.swagger2.web.Swagger2Controller.getDocumentation(java.lang.String,javax.servlet.http.HttpServletRequest)
[ INFO ] [2019-01-18 10:30:48] org.springframework.web.servlet.mvc.method.annotation.RequestMappingHandlerMapping -Mapped "{[/swagger-resources/configuration/ui]}" onto org.springframework.http.ResponseEntity<springfox.documentation.swagger.web.UiConfiguration> springfox.documentation.swagger.web.ApiResourceController.uiConfiguration()
[ INFO ] [2019-01-18 10:30:48] org.springframework.web.servlet.mvc.method.annotation.RequestMappingHandlerMapping -Mapped "{[/swagger-resources]}" onto org.springframework.http.ResponseEntity<java.util.List<springfox.documentation.swagger.web.SwaggerResource>> springfox.documentation.swagger.web.ApiResourceController.swaggerResources()
[ INFO ] [2019-01-18 10:30:48] org.springframework.web.servlet.mvc.method.annotation.RequestMappingHandlerMapping -Mapped "{[/swagger-resources/configuration/security]}" onto org.springframework.http.ResponseEntity<springfox.documentation.swagger.web.SecurityConfiguration> springfox.documentation.swagger.web.ApiResourceController.securityConfiguration()
[ INFO ] [2019-01-18 10:30:48] org.springframework.web.servlet.mvc.method.annotation.RequestMappingHandlerMapping -Mapped "{[/error]}" onto public org.springframework.http.ResponseEntity<java.util.Map<java.lang.String, java.lang.Object>> org.springframework.boot.autoconfigure.web.BasicErrorController.error(javax.servlet.http.HttpServletRequest)
[ INFO ] [2019-01-18 10:30:48] org.springframework.web.servlet.mvc.method.annotation.RequestMappingHandlerMapping -Mapped "{[/error],produces=[text/html]}" onto public org.springframework.web.servlet.ModelAndView org.springframework.boot.autoconfigure.web.BasicErrorController.errorHtml(javax.servlet.http.HttpServletRequest,javax.servlet.http.HttpServletResponse)
[ INFO ] [2019-01-18 10:30:49] org.springframework.boot.actuate.endpoint.mvc.EndpointHandlerMapping -Mapped "{[/resume || /resume.json],methods=[POST]}" onto public java.lang.Object org.springframework.cloud.endpoint.GenericPostableMvcEndpoint.invoke()
[ INFO ] [2019-01-18 10:30:49] org.springframework.boot.actuate.endpoint.mvc.EndpointHandlerMapping -Mapped "{[/trace || /trace.json],methods=[GET],produces=[application/vnd.spring-boot.actuator.v1+json || application/json]}" onto public java.lang.Object org.springframework.boot.actuate.endpoint.mvc.EndpointMvcAdapter.invoke()
[ INFO ] [2019-01-18 10:30:49] org.springframework.boot.actuate.endpoint.mvc.EndpointHandlerMapping -Mapped "{[/service-registry/instance-status],methods=[GET]}" onto public org.springframework.http.ResponseEntity org.springframework.cloud.client.serviceregistry.endpoint.ServiceRegistryEndpoint.getStatus()
[ INFO ] [2019-01-18 10:30:49] org.springframework.boot.actuate.endpoint.mvc.EndpointHandlerMapping -Mapped "{[/service-registry/instance-status],methods=[POST]}" onto public org.springframework.http.ResponseEntity<?> org.springframework.cloud.client.serviceregistry.endpoint.ServiceRegistryEndpoint.setStatus(java.lang.String)
[ INFO ] [2019-01-18 10:30:49] org.springframework.boot.actuate.endpoint.mvc.EndpointHandlerMapping -Mapped "{[/auditevents || /auditevents.json],methods=[GET],produces=[application/vnd.spring-boot.actuator.v1+json || application/json]}" onto public org.springframework.http.ResponseEntity<?> org.springframework.boot.actuate.endpoint.mvc.AuditEventsMvcEndpoint.findByPrincipalAndAfterAndType(java.lang.String,java.util.Date,java.lang.String)
[ INFO ] [2019-01-18 10:30:49] org.springframework.boot.actuate.endpoint.mvc.EndpointHandlerMapping -Mapped "{[/features || /features.json],methods=[GET],produces=[application/vnd.spring-boot.actuator.v1+json || application/json]}" onto public java.lang.Object org.springframework.boot.actuate.endpoint.mvc.EndpointMvcAdapter.invoke()
[ INFO ] [2019-01-18 10:30:49] org.springframework.boot.actuate.endpoint.mvc.EndpointHandlerMapping -Mapped "{[/loggers/{name:.*}],methods=[GET],produces=[application/vnd.spring-boot.actuator.v1+json || application/json]}" onto public java.lang.Object org.springframework.boot.actuate.endpoint.mvc.LoggersMvcEndpoint.get(java.lang.String)
[ INFO ] [2019-01-18 10:30:49] org.springframework.boot.actuate.endpoint.mvc.EndpointHandlerMapping -Mapped "{[/loggers/{name:.*}],methods=[POST],consumes=[application/vnd.spring-boot.actuator.v1+json || application/json],produces=[application/vnd.spring-boot.actuator.v1+json || application/json]}" onto public java.lang.Object org.springframework.boot.actuate.endpoint.mvc.LoggersMvcEndpoint.set(java.lang.String,java.util.Map<java.lang.String, java.lang.String>)
[ INFO ] [2019-01-18 10:30:49] org.springframework.boot.actuate.endpoint.mvc.EndpointHandlerMapping -Mapped "{[/loggers || /loggers.json],methods=[GET],produces=[application/vnd.spring-boot.actuator.v1+json || application/json]}" onto public java.lang.Object org.springframework.boot.actuate.endpoint.mvc.EndpointMvcAdapter.invoke()
[ INFO ] [2019-01-18 10:30:49] org.springframework.boot.actuate.endpoint.mvc.EndpointHandlerMapping -Mapped "{[/dump || /dump.json],methods=[GET],produces=[application/vnd.spring-boot.actuator.v1+json || application/json]}" onto public java.lang.Object org.springframework.boot.actuate.endpoint.mvc.EndpointMvcAdapter.invoke()
[ INFO ] [2019-01-18 10:30:49] org.springframework.boot.actuate.endpoint.mvc.EndpointHandlerMapping -Mapped "{[/pause || /pause.json],methods=[POST]}" onto public java.lang.Object org.springframework.cloud.endpoint.GenericPostableMvcEndpoint.invoke()
[ INFO ] [2019-01-18 10:30:49] org.springframework.boot.actuate.endpoint.mvc.EndpointHandlerMapping -Mapped "{[/env],methods=[POST]}" onto public java.lang.Object org.springframework.cloud.context.environment.EnvironmentManagerMvcEndpoint.value(java.util.Map<java.lang.String, java.lang.String>)
[ INFO ] [2019-01-18 10:30:49] org.springframework.boot.actuate.endpoint.mvc.EndpointHandlerMapping -Mapped "{[/env/reset],methods=[POST]}" onto public java.util.Map<java.lang.String, java.lang.Object> org.springframework.cloud.context.environment.EnvironmentManagerMvcEndpoint.reset()
[ INFO ] [2019-01-18 10:30:49] org.springframework.boot.actuate.endpoint.mvc.EndpointHandlerMapping -Mapped "{[/restart || /restart.json],methods=[POST]}" onto public java.lang.Object org.springframework.cloud.context.restart.RestartMvcEndpoint.invoke()
[ INFO ] [2019-01-18 10:30:49] org.springframework.boot.actuate.endpoint.mvc.EndpointHandlerMapping -Mapped "{[/archaius || /archaius.json],methods=[GET],produces=[application/vnd.spring-boot.actuator.v1+json || application/json]}" onto public java.lang.Object org.springframework.boot.actuate.endpoint.mvc.EndpointMvcAdapter.invoke()
[ INFO ] [2019-01-18 10:30:49] org.springframework.boot.actuate.endpoint.mvc.EndpointHandlerMapping -Mapped "{[/metrics/{name:.*}],methods=[GET],produces=[application/vnd.spring-boot.actuator.v1+json || application/json]}" onto public java.lang.Object org.springframework.boot.actuate.endpoint.mvc.MetricsMvcEndpoint.value(java.lang.String)
[ INFO ] [2019-01-18 10:30:49] org.springframework.boot.actuate.endpoint.mvc.EndpointHandlerMapping -Mapped "{[/metrics || /metrics.json],methods=[GET],produces=[application/vnd.spring-boot.actuator.v1+json || application/json]}" onto public java.lang.Object org.springframework.boot.actuate.endpoint.mvc.EndpointMvcAdapter.invoke()
[ INFO ] [2019-01-18 10:30:49] org.springframework.boot.actuate.endpoint.mvc.EndpointHandlerMapping -Mapped "{[/mappings || /mappings.json],methods=[GET],produces=[application/vnd.spring-boot.actuator.v1+json || application/json]}" onto public java.lang.Object org.springframework.boot.actuate.endpoint.mvc.EndpointMvcAdapter.invoke()
[ INFO ] [2019-01-18 10:30:49] org.springframework.boot.actuate.endpoint.mvc.EndpointHandlerMapping -Mapped "{[/beans || /beans.json],methods=[GET],produces=[application/vnd.spring-boot.actuator.v1+json || application/json]}" onto public java.lang.Object org.springframework.boot.actuate.endpoint.mvc.EndpointMvcAdapter.invoke()
[ INFO ] [2019-01-18 10:30:49] org.springframework.boot.actuate.endpoint.mvc.EndpointHandlerMapping -Mapped "{[/configprops || /configprops.json],methods=[GET],produces=[application/vnd.spring-boot.actuator.v1+json || application/json]}" onto public java.lang.Object org.springframework.boot.actuate.endpoint.mvc.EndpointMvcAdapter.invoke()
[ INFO ] [2019-01-18 10:30:49] org.springframework.boot.actuate.endpoint.mvc.EndpointHandlerMapping -Mapped "{[/env/{name:.*}],methods=[GET],produces=[application/vnd.spring-boot.actuator.v1+json || application/json]}" onto public java.lang.Object org.springframework.boot.actuate.endpoint.mvc.EnvironmentMvcEndpoint.value(java.lang.String)
[ INFO ] [2019-01-18 10:30:49] org.springframework.boot.actuate.endpoint.mvc.EndpointHandlerMapping -Mapped "{[/env || /env.json],methods=[GET],produces=[application/vnd.spring-boot.actuator.v1+json || application/json]}" onto public java.lang.Object org.springframework.boot.actuate.endpoint.mvc.EndpointMvcAdapter.invoke()
[ INFO ] [2019-01-18 10:30:49] org.springframework.boot.actuate.endpoint.mvc.EndpointHandlerMapping -Mapped "{[/info || /info.json],methods=[GET],produces=[application/vnd.spring-boot.actuator.v1+json || application/json]}" onto public java.lang.Object org.springframework.boot.actuate.endpoint.mvc.EndpointMvcAdapter.invoke()
[ INFO ] [2019-01-18 10:30:49] org.springframework.boot.actuate.endpoint.mvc.EndpointHandlerMapping -Mapped "{[/heapdump || /heapdump.json],methods=[GET],produces=[application/octet-stream]}" onto public void org.springframework.boot.actuate.endpoint.mvc.HeapdumpMvcEndpoint.invoke(boolean,javax.servlet.http.HttpServletRequest,javax.servlet.http.HttpServletResponse) throws java.io.IOException,javax.servlet.ServletException
[ INFO ] [2019-01-18 10:30:49] org.springframework.boot.actuate.endpoint.mvc.EndpointHandlerMapping -Mapped "{[/health || /health.json],methods=[GET],produces=[application/vnd.spring-boot.actuator.v1+json || application/json]}" onto public java.lang.Object org.springframework.boot.actuate.endpoint.mvc.HealthMvcEndpoint.invoke(javax.servlet.http.HttpServletRequest,java.security.Principal)
[ INFO ] [2019-01-18 10:30:49] org.springframework.boot.actuate.endpoint.mvc.EndpointHandlerMapping -Mapped "{[/autoconfig || /autoconfig.json],methods=[GET],produces=[application/vnd.spring-boot.actuator.v1+json || application/json]}" onto public java.lang.Object org.springframework.boot.actuate.endpoint.mvc.EndpointMvcAdapter.invoke()
[ INFO ] [2019-01-18 10:30:49] org.springframework.boot.actuate.endpoint.mvc.EndpointHandlerMapping -Mapped "{[/refresh || /refresh.json],methods=[POST]}" onto public java.lang.Object org.springframework.cloud.endpoint.GenericPostableMvcEndpoint.invoke()
[ WARN ] [2019-01-18 10:30:50] com.netflix.config.sources.URLConfigurationSource -No URLs will be polled as dynamic configuration sources.
[ INFO ] [2019-01-18 10:30:50] com.netflix.config.sources.URLConfigurationSource -To enable URLs as dynamic configuration sources, define System property archaius.configurationSource.additionalUrls or make config.properties available on classpath.
[ WARN ] [2019-01-18 10:30:50] com.netflix.config.sources.URLConfigurationSource -No URLs will be polled as dynamic configuration sources.
[ INFO ] [2019-01-18 10:30:50] com.netflix.config.sources.URLConfigurationSource -To enable URLs as dynamic configuration sources, define System property archaius.configurationSource.additionalUrls or make config.properties available on classpath.
[ INFO ] [2019-01-18 10:30:50] org.springframework.web.servlet.mvc.method.annotation.RequestMappingHandlerAdapter -Looking for @ControllerAdvice: org.springframework.boot.context.embedded.AnnotationConfigEmbeddedWebApplicationContext@2dd63e3: startup date [Fri Jan 18 10:30:25 CST 2019]; parent: org.springframework.context.annotation.AnnotationConfigApplicationContext@70ab2d48
[ INFO ] [2019-01-18 10:30:50] org.springframework.web.servlet.handler.SimpleUrlHandlerMapping -Mapped URL path [/webjars/**] onto handler of type [class org.springframework.web.servlet.resource.ResourceHttpRequestHandler]
[ INFO ] [2019-01-18 10:30:50] org.springframework.web.servlet.handler.SimpleUrlHandlerMapping -Mapped URL path [/**] onto handler of type [class org.springframework.web.servlet.resource.ResourceHttpRequestHandler]
[ INFO ] [2019-01-18 10:30:50] org.springframework.web.servlet.handler.SimpleUrlHandlerMapping -Mapped URL path [/**/favicon.ico] onto handler of type [class org.springframework.web.servlet.resource.ResourceHttpRequestHandler]
[ INFO ] [2019-01-18 10:30:51] org.springframework.ui.freemarker.SpringTemplateLoader -SpringTemplateLoader for FreeMarker: using resource loader [org.springframework.boot.context.embedded.AnnotationConfigEmbeddedWebApplicationContext@2dd63e3: startup date [Fri Jan 18 10:30:25 CST 2019]; parent: org.springframework.context.annotation.AnnotationConfigApplicationContext@70ab2d48] and template loader path [classpath:/templates/]
[ INFO ] [2019-01-18 10:30:51] org.springframework.web.servlet.view.freemarker.FreeMarkerConfigurer -ClassTemplateLoader for Spring macros added to FreeMarker configuration
[ INFO ] [2019-01-18 10:30:52] com.netflix.discovery.DiscoveryClient -Shutting down DiscoveryClient ...
[ INFO ] [2019-01-18 10:30:52] com.netflix.discovery.DiscoveryClient -Completed shut down of DiscoveryClient
[ INFO ] [2019-01-18 10:30:52] org.springframework.jmx.export.annotation.AnnotationMBeanExporter -Registering beans for JMX exposure on startup
[ INFO ] [2019-01-18 10:30:52] org.springframework.jmx.export.annotation.AnnotationMBeanExporter -Bean with name 'environmentManager' has been autodetected for JMX exposure
[ INFO ] [2019-01-18 10:30:52] org.springframework.jmx.export.annotation.AnnotationMBeanExporter -Bean with name 'configurationPropertiesRebinder' has been autodetected for JMX exposure
[ INFO ] [2019-01-18 10:30:52] org.springframework.jmx.export.annotation.AnnotationMBeanExporter -Bean with name 'refreshEndpoint' has been autodetected for JMX exposure
[ INFO ] [2019-01-18 10:30:52] org.springframework.jmx.export.annotation.AnnotationMBeanExporter -Bean with name 'restartEndpoint' has been autodetected for JMX exposure
[ INFO ] [2019-01-18 10:30:52] org.springframework.jmx.export.annotation.AnnotationMBeanExporter -Bean with name 'serviceRegistryEndpoint' has been autodetected for JMX exposure
[ INFO ] [2019-01-18 10:30:52] org.springframework.jmx.export.annotation.AnnotationMBeanExporter -Bean with name 'refreshScope' has been autodetected for JMX exposure
[ INFO ] [2019-01-18 10:30:52] org.springframework.jmx.export.annotation.AnnotationMBeanExporter -Located managed bean 'environmentManager': registering with JMX server as MBean [org.springframework.cloud.context.environment:name=environmentManager,type=EnvironmentManager]
[ INFO ] [2019-01-18 10:30:52] org.springframework.jmx.export.annotation.AnnotationMBeanExporter -Located managed bean 'restartEndpoint': registering with JMX server as MBean [org.springframework.cloud.context.restart:name=restartEndpoint,type=RestartEndpoint]
[ INFO ] [2019-01-18 10:30:52] org.springframework.jmx.export.annotation.AnnotationMBeanExporter -Located managed bean 'serviceRegistryEndpoint': registering with JMX server as MBean [org.springframework.cloud.client.serviceregistry.endpoint:name=serviceRegistryEndpoint,type=ServiceRegistryEndpoint]
[ INFO ] [2019-01-18 10:30:52] org.springframework.jmx.export.annotation.AnnotationMBeanExporter -Located managed bean 'refreshScope': registering with JMX server as MBean [org.springframework.cloud.context.scope.refresh:name=refreshScope,type=RefreshScope]
[ INFO ] [2019-01-18 10:30:52] org.springframework.jmx.export.annotation.AnnotationMBeanExporter -Located managed bean 'configurationPropertiesRebinder': registering with JMX server as MBean [org.springframework.cloud.context.properties:name=configurationPropertiesRebinder,context=2dd63e3,type=ConfigurationPropertiesRebinder]
[ INFO ] [2019-01-18 10:30:52] org.springframework.jmx.export.annotation.AnnotationMBeanExporter -Located managed bean 'refreshEndpoint': registering with JMX server as MBean [org.springframework.cloud.endpoint:name=refreshEndpoint,type=RefreshEndpoint]
[ INFO ] [2019-01-18 10:30:52] org.springframework.boot.actuate.endpoint.jmx.EndpointMBeanExporter -Registering beans for JMX exposure on startup
[ INFO ] [2019-01-18 10:30:53] org.springframework.context.support.DefaultLifecycleProcessor -Starting beans in phase 0
[ INFO ] [2019-01-18 10:30:53] org.springframework.cloud.netflix.eureka.InstanceInfoFactory -Setting initial instance status as: STARTING
[ INFO ] [2019-01-18 10:30:53] com.netflix.discovery.DiscoveryClient -Initializing Eureka in region us-east-1
[ INFO ] [2019-01-18 10:30:53] com.netflix.discovery.provider.DiscoveryJerseyProvider -Using JSON encoding codec LegacyJacksonJson
[ INFO ] [2019-01-18 10:30:53] com.netflix.discovery.provider.DiscoveryJerseyProvider -Using JSON decoding codec LegacyJacksonJson
[ INFO ] [2019-01-18 10:30:53] com.netflix.discovery.provider.DiscoveryJerseyProvider -Using XML encoding codec XStreamXml
[ INFO ] [2019-01-18 10:30:53] com.netflix.discovery.provider.DiscoveryJerseyProvider -Using XML decoding codec XStreamXml
[ INFO ] [2019-01-18 10:30:53] com.netflix.discovery.shared.resolver.aws.ConfigClusterResolver -Resolving eureka endpoints via configuration
[ INFO ] [2019-01-18 10:30:53] com.netflix.discovery.DiscoveryClient -Disable delta property : false
[ INFO ] [2019-01-18 10:30:53] com.netflix.discovery.DiscoveryClient -Single vip registry refresh property : null
[ INFO ] [2019-01-18 10:30:53] com.netflix.discovery.DiscoveryClient -Force full registry fetch : false
[ INFO ] [2019-01-18 10:30:53] com.netflix.discovery.DiscoveryClient -Application is null : false
[ INFO ] [2019-01-18 10:30:53] com.netflix.discovery.DiscoveryClient -Registered Applications size is zero : true
[ INFO ] [2019-01-18 10:30:53] com.netflix.discovery.DiscoveryClient -Application version is -1: true
[ INFO ] [2019-01-18 10:30:53] com.netflix.discovery.DiscoveryClient -Getting all instance registry info from the eureka server
[ INFO ] [2019-01-18 10:30:53] com.netflix.discovery.DiscoveryClient -The response status is 200
[ INFO ] [2019-01-18 10:30:53] com.netflix.discovery.DiscoveryClient -Starting heartbeat executor: renew interval is: 30
[ INFO ] [2019-01-18 10:30:53] com.netflix.discovery.InstanceInfoReplicator -InstanceInfoReplicator onDemand update allowed rate per min is 4
[ INFO ] [2019-01-18 10:30:53] com.netflix.discovery.DiscoveryClient -Discovery Client initialized at timestamp 1547778653486 with initial instances count: 1
[ INFO ] [2019-01-18 10:30:53] org.springframework.cloud.netflix.eureka.serviceregistry.EurekaServiceRegistry -Registering application demo-user-service with eureka with status UP
[ INFO ] [2019-01-18 10:30:53] com.netflix.discovery.DiscoveryClient -Saw local status change event StatusChangeEvent [timestamp=1547778653521, current=UP, previous=STARTING]
[ INFO ] [2019-01-18 10:30:53] org.springframework.boot.actuate.endpoint.jmx.EndpointMBeanExporter -Located managed bean 'auditEventsEndpoint': registering with JMX server as MBean [org.springframework.boot:type=Endpoint,name=auditEventsEndpoint]
[ INFO ] [2019-01-18 10:30:53] com.netflix.discovery.DiscoveryClient -DiscoveryClient_DEMO-USER-SERVICE/10.10.1.210:6608: registering service...
[ INFO ] [2019-01-18 10:30:53] org.springframework.boot.actuate.endpoint.jmx.EndpointMBeanExporter -Located managed bean 'archaiusEndpoint': registering with JMX server as MBean [org.springframework.boot:type=Endpoint,name=archaiusEndpoint]
[ INFO ] [2019-01-18 10:30:53] org.springframework.boot.actuate.endpoint.jmx.EndpointMBeanExporter -Located managed bean 'featuresEndpoint': registering with JMX server as MBean [org.springframework.boot:type=Endpoint,name=featuresEndpoint]
[ INFO ] [2019-01-18 10:30:53] org.springframework.boot.actuate.endpoint.jmx.EndpointMBeanExporter -Located managed bean 'requestMappingEndpoint': registering with JMX server as MBean [org.springframework.boot:type=Endpoint,name=requestMappingEndpoint]
[ INFO ] [2019-01-18 10:30:53] org.springframework.boot.actuate.endpoint.jmx.EndpointMBeanExporter -Located managed bean 'environmentEndpoint': registering with JMX server as MBean [org.springframework.boot:type=Endpoint,name=environmentEndpoint]
[ INFO ] [2019-01-18 10:30:53] org.springframework.boot.actuate.endpoint.jmx.EndpointMBeanExporter -Located managed bean 'healthEndpoint': registering with JMX server as MBean [org.springframework.boot:type=Endpoint,name=healthEndpoint]
[ INFO ] [2019-01-18 10:30:53] org.springframework.boot.actuate.endpoint.jmx.EndpointMBeanExporter -Located managed bean 'beansEndpoint': registering with JMX server as MBean [org.springframework.boot:type=Endpoint,name=beansEndpoint]
[ INFO ] [2019-01-18 10:30:53] com.netflix.discovery.DiscoveryClient -DiscoveryClient_DEMO-USER-SERVICE/10.10.1.210:6608 - registration status: 204
[ INFO ] [2019-01-18 10:30:53] org.springframework.boot.actuate.endpoint.jmx.EndpointMBeanExporter -Located managed bean 'infoEndpoint': registering with JMX server as MBean [org.springframework.boot:type=Endpoint,name=infoEndpoint]
[ INFO ] [2019-01-18 10:30:53] org.springframework.boot.actuate.endpoint.jmx.EndpointMBeanExporter -Located managed bean 'loggersEndpoint': registering with JMX server as MBean [org.springframework.boot:type=Endpoint,name=loggersEndpoint]
[ INFO ] [2019-01-18 10:30:53] org.springframework.boot.actuate.endpoint.jmx.EndpointMBeanExporter -Located managed bean 'metricsEndpoint': registering with JMX server as MBean [org.springframework.boot:type=Endpoint,name=metricsEndpoint]
[ INFO ] [2019-01-18 10:30:53] org.springframework.boot.actuate.endpoint.jmx.EndpointMBeanExporter -Located managed bean 'traceEndpoint': registering with JMX server as MBean [org.springframework.boot:type=Endpoint,name=traceEndpoint]
[ INFO ] [2019-01-18 10:30:53] org.springframework.boot.actuate.endpoint.jmx.EndpointMBeanExporter -Located managed bean 'dumpEndpoint': registering with JMX server as MBean [org.springframework.boot:type=Endpoint,name=dumpEndpoint]
[ INFO ] [2019-01-18 10:30:53] org.springframework.boot.actuate.endpoint.jmx.EndpointMBeanExporter -Located managed bean 'autoConfigurationReportEndpoint': registering with JMX server as MBean [org.springframework.boot:type=Endpoint,name=autoConfigurationReportEndpoint]
[ INFO ] [2019-01-18 10:30:53] org.springframework.boot.actuate.endpoint.jmx.EndpointMBeanExporter -Located managed bean 'configurationPropertiesReportEndpoint': registering with JMX server as MBean [org.springframework.boot:type=Endpoint,name=configurationPropertiesReportEndpoint]
[ INFO ] [2019-01-18 10:30:53] org.springframework.context.support.DefaultLifecycleProcessor -Starting beans in phase 2147483647
[ INFO ] [2019-01-18 10:30:53] springfox.documentation.spring.web.plugins.DocumentationPluginsBootstrapper -Context refreshed
[ INFO ] [2019-01-18 10:30:53] springfox.documentation.spring.web.plugins.DocumentationPluginsBootstrapper -Found 1 custom documentation plugin(s)
[ INFO ] [2019-01-18 10:30:53] springfox.documentation.spring.web.scanners.ApiListingReferenceScanner -Scanning for api listing references
[ INFO ] [2019-01-18 10:30:54] org.apache.coyote.http11.Http11NioProtocol -Initializing ProtocolHandler ["http-nio-6608"]
[ INFO ] [2019-01-18 10:30:54] org.apache.coyote.http11.Http11NioProtocol -Starting ProtocolHandler ["http-nio-6608"]
[ INFO ] [2019-01-18 10:30:54] org.apache.tomcat.util.net.NioSelectorPool -Using a shared selector for servlet write/read
[ INFO ] [2019-01-18 10:30:54] org.springframework.boot.context.embedded.tomcat.TomcatEmbeddedServletContainer -Tomcat started on port(s): 6608 (http)
[ INFO ] [2019-01-18 10:30:54] org.springframework.cloud.netflix.eureka.serviceregistry.EurekaAutoServiceRegistration -Updating port to 6608
[ INFO ] [2019-01-18 10:30:54] com.demo.user.UserApplication -Started UserApplication in 41.801 seconds (JVM running for 44.264)
[ INFO ] [2019-01-18 10:33:11] org.apache.catalina.core.ContainerBase.[Tomcat].[localhost].[/] -Initializing Spring FrameworkServlet 'dispatcherServlet'
[ INFO ] [2019-01-18 10:33:11] org.springframework.web.servlet.DispatcherServlet -FrameworkServlet 'dispatcherServlet': initialization started
[ INFO ] [2019-01-18 10:33:11] org.springframework.web.servlet.DispatcherServlet -FrameworkServlet 'dispatcherServlet': initialization completed in 86 ms
[ WARN ] [2019-01-18 10:33:11] org.apache.tomcat.jdbc.pool.ConnectionPool -maxIdle is larger than maxActive, setting maxIdle to: 20
[ DEBUG] [2019-01-18 10:33:12] com.demo.user.dao.UserDao.queryUserById -==>  Preparing: select * from user where id=? 
[ DEBUG] [2019-01-18 10:33:12] com.demo.user.dao.UserDao.queryUserById -==> Parameters: 1(String)
[ TRACE] [2019-01-18 10:33:12] com.demo.user.dao.UserDao.queryUserById -<==    Columns: id, user_name, user_password, city, age, sex
[ TRACE] [2019-01-18 10:33:12] com.demo.user.dao.UserDao.queryUserById -<==        Row: 1, , 123, , 22, 
[ DEBUG] [2019-01-18 10:33:12] com.demo.user.dao.UserDao.queryUserById -<==      Total: 1
[ DEBUG] [2019-01-18 10:33:12] com.demo.user.dao.UserDao.queryUserById -==>  Preparing: select * from user where id=? 
[ DEBUG] [2019-01-18 10:33:12] com.demo.user.dao.UserDao.queryUserById -==> Parameters: 2(String)
[ TRACE] [2019-01-18 10:33:12] com.demo.user.dao.UserDao.queryUserById -<==    Columns: id, user_name, user_password, city, age, sex
[ TRACE] [2019-01-18 10:33:12] com.demo.user.dao.UserDao.queryUserById -<==        Row: 2, , 123, , 22, 
[ DEBUG] [2019-01-18 10:33:12] com.demo.user.dao.UserDao.queryUserById -<==      Total: 1
[ DEBUG] [2019-01-18 10:33:13] com.demo.user.dao.UserDao.queryUserById -==>  Preparing: select * from user where id=? 
[ DEBUG] [2019-01-18 10:33:13] com.demo.user.dao.UserDao.queryUserById -==> Parameters: 3(String)
[ TRACE] [2019-01-18 10:33:13] com.demo.user.dao.UserDao.queryUserById -<==    Columns: id, user_name, user_password, city, age, sex
[ TRACE] [2019-01-18 10:33:13] com.demo.user.dao.UserDao.queryUserById -<==        Row: 3, , 123, , 22, 
[ DEBUG] [2019-01-18 10:33:13] com.demo.user.dao.UserDao.queryUserById -<==      Total: 1
[ INFO ] [2019-01-18 10:35:53] com.netflix.discovery.shared.resolver.aws.ConfigClusterResolver -Resolving eureka endpoints via configuration
[ INFO ] [2019-01-18 10:40:53] com.netflix.discovery.shared.resolver.aws.ConfigClusterResolver -Resolving eureka endpoints via configuration
[ DEBUG] [2019-01-18 10:42:48] com.demo.user.dao.UserDao.queryUserById -==>  Preparing: select * from user where id=? 
[ DEBUG] [2019-01-18 10:42:48] com.demo.user.dao.UserDao.queryUserById -==> Parameters: 1(String)
[ TRACE] [2019-01-18 10:42:48] com.demo.user.dao.UserDao.queryUserById -<==    Columns: id, user_name, user_password, city, age, sex
[ TRACE] [2019-01-18 10:42:48] com.demo.user.dao.UserDao.queryUserById -<==        Row: 1, , 123, , 22, 
[ DEBUG] [2019-01-18 10:42:48] com.demo.user.dao.UserDao.queryUserById -<==      Total: 1
[ DEBUG] [2019-01-18 10:42:48] com.demo.user.dao.UserDao.queryUserById -==>  Preparing: select * from user where id=? 
[ DEBUG] [2019-01-18 10:42:48] com.demo.user.dao.UserDao.queryUserById -==> Parameters: 2(String)
[ TRACE] [2019-01-18 10:42:48] com.demo.user.dao.UserDao.queryUserById -<==    Columns: id, user_name, user_password, city, age, sex
[ TRACE] [2019-01-18 10:42:48] com.demo.user.dao.UserDao.queryUserById -<==        Row: 2, , 123, , 22, 
[ DEBUG] [2019-01-18 10:42:48] com.demo.user.dao.UserDao.queryUserById -<==      Total: 1
[ DEBUG] [2019-01-18 10:42:48] com.demo.user.dao.UserDao.queryUserById -==>  Preparing: select * from user where id=? 
[ DEBUG] [2019-01-18 10:42:48] com.demo.user.dao.UserDao.queryUserById -==> Parameters: 3(String)
[ TRACE] [2019-01-18 10:42:49] com.demo.user.dao.UserDao.queryUserById -<==    Columns: id, user_name, user_password, city, age, sex
[ TRACE] [2019-01-18 10:42:49] com.demo.user.dao.UserDao.queryUserById -<==        Row: 3, , 123, , 22, 
[ DEBUG] [2019-01-18 10:42:49] com.demo.user.dao.UserDao.queryUserById -<==      Total: 1
[ INFO ] [2019-01-18 10:45:53] com.netflix.discovery.shared.resolver.aws.ConfigClusterResolver -Resolving eureka endpoints via configuration
[ INFO ] [2019-01-18 10:50:53] com.netflix.discovery.shared.resolver.aws.ConfigClusterResolver -Resolving eureka endpoints via configuration
[ INFO ] [2019-01-18 10:55:53] com.netflix.discovery.shared.resolver.aws.ConfigClusterResolver -Resolving eureka endpoints via configuration
[ INFO ] [2019-01-18 11:00:53] com.netflix.discovery.shared.resolver.aws.ConfigClusterResolver -Resolving eureka endpoints via configuration
[ INFO ] [2019-01-18 11:05:53] com.netflix.discovery.shared.resolver.aws.ConfigClusterResolver -Resolving eureka endpoints via configuration
[ INFO ] [2019-01-18 11:10:53] com.netflix.discovery.shared.resolver.aws.ConfigClusterResolver -Resolving eureka endpoints via configuration
[ INFO ] [2019-01-18 11:15:53] com.netflix.discovery.shared.resolver.aws.ConfigClusterResolver -Resolving eureka endpoints via configuration
[ INFO ] [2019-01-18 11:20:53] com.netflix.discovery.shared.resolver.aws.ConfigClusterResolver -Resolving eureka endpoints via configuration
[ INFO ] [2019-01-18 11:25:53] com.netflix.discovery.shared.resolver.aws.ConfigClusterResolver -Resolving eureka endpoints via configuration
[ INFO ] [2019-01-18 11:30:53] com.netflix.discovery.shared.resolver.aws.ConfigClusterResolver -Resolving eureka endpoints via configuration
[ INFO ] [2019-01-18 11:35:53] com.netflix.discovery.shared.resolver.aws.ConfigClusterResolver -Resolving eureka endpoints via configuration
[ INFO ] [2019-01-18 11:40:53] com.netflix.discovery.shared.resolver.aws.ConfigClusterResolver -Resolving eureka endpoints via configuration
[ INFO ] [2019-01-18 11:45:53] com.netflix.discovery.shared.resolver.aws.ConfigClusterResolver -Resolving eureka endpoints via configuration
[ INFO ] [2019-01-18 11:50:53] com.netflix.discovery.shared.resolver.aws.ConfigClusterResolver -Resolving eureka endpoints via configuration
[ INFO ] [2019-01-18 11:55:53] com.netflix.discovery.shared.resolver.aws.ConfigClusterResolver -Resolving eureka endpoints via configuration
[ INFO ] [2019-01-18 12:00:53] com.netflix.discovery.shared.resolver.aws.ConfigClusterResolver -Resolving eureka endpoints via configuration
[ INFO ] [2019-01-18 12:05:53] com.netflix.discovery.shared.resolver.aws.ConfigClusterResolver -Resolving eureka endpoints via configuration
[ INFO ] [2019-01-18 12:10:53] com.netflix.discovery.shared.resolver.aws.ConfigClusterResolver -Resolving eureka endpoints via configuration
[ INFO ] [2019-01-18 12:15:53] com.netflix.discovery.shared.resolver.aws.ConfigClusterResolver -Resolving eureka endpoints via configuration
[ INFO ] [2019-01-18 12:20:53] com.netflix.discovery.shared.resolver.aws.ConfigClusterResolver -Resolving eureka endpoints via configuration
[ INFO ] [2019-01-18 12:25:53] com.netflix.discovery.shared.resolver.aws.ConfigClusterResolver -Resolving eureka endpoints via configuration
[ INFO ] [2019-01-18 12:30:53] com.netflix.discovery.shared.resolver.aws.ConfigClusterResolver -Resolving eureka endpoints via configuration
[ INFO ] [2019-01-18 12:35:53] com.netflix.discovery.shared.resolver.aws.ConfigClusterResolver -Resolving eureka endpoints via configuration
[ INFO ] [2019-01-18 12:40:53] com.netflix.discovery.shared.resolver.aws.ConfigClusterResolver -Resolving eureka endpoints via configuration
[ INFO ] [2019-01-18 12:45:53] com.netflix.discovery.shared.resolver.aws.ConfigClusterResolver -Resolving eureka endpoints via configuration
[ INFO ] [2019-01-18 12:50:53] com.netflix.discovery.shared.resolver.aws.ConfigClusterResolver -Resolving eureka endpoints via configuration
[ INFO ] [2019-01-18 12:55:53] com.netflix.discovery.shared.resolver.aws.ConfigClusterResolver -Resolving eureka endpoints via configuration
[ INFO ] [2019-01-18 13:00:53] com.netflix.discovery.shared.resolver.aws.ConfigClusterResolver -Resolving eureka endpoints via configuration
[ INFO ] [2019-01-18 13:05:53] com.netflix.discovery.shared.resolver.aws.ConfigClusterResolver -Resolving eureka endpoints via configuration
[ INFO ] [2019-01-18 13:10:53] com.netflix.discovery.shared.resolver.aws.ConfigClusterResolver -Resolving eureka endpoints via configuration
[ INFO ] [2019-01-18 13:15:54] com.netflix.discovery.shared.resolver.aws.ConfigClusterResolver -Resolving eureka endpoints via configuration
[ INFO ] [2019-01-18 13:20:54] com.netflix.discovery.shared.resolver.aws.ConfigClusterResolver -Resolving eureka endpoints via configuration
[ INFO ] [2019-01-18 13:25:54] com.netflix.discovery.shared.resolver.aws.ConfigClusterResolver -Resolving eureka endpoints via configuration
[ INFO ] [2019-01-18 13:30:54] com.netflix.discovery.shared.resolver.aws.ConfigClusterResolver -Resolving eureka endpoints via configuration
[ INFO ] [2019-01-18 13:35:54] com.netflix.discovery.shared.resolver.aws.ConfigClusterResolver -Resolving eureka endpoints via configuration
[ INFO ] [2019-01-18 13:40:54] com.netflix.discovery.shared.resolver.aws.ConfigClusterResolver -Resolving eureka endpoints via configuration
[ INFO ] [2019-01-18 13:45:54] com.netflix.discovery.shared.resolver.aws.ConfigClusterResolver -Resolving eureka endpoints via configuration
[ INFO ] [2019-01-18 13:50:54] com.netflix.discovery.shared.resolver.aws.ConfigClusterResolver -Resolving eureka endpoints via configuration
[ INFO ] [2019-01-18 13:55:54] com.netflix.discovery.shared.resolver.aws.ConfigClusterResolver -Resolving eureka endpoints via configuration
[ INFO ] [2019-01-18 14:00:54] com.netflix.discovery.shared.resolver.aws.ConfigClusterResolver -Resolving eureka endpoints via configuration
[ INFO ] [2019-01-18 14:05:54] com.netflix.discovery.shared.resolver.aws.ConfigClusterResolver -Resolving eureka endpoints via configuration
[ INFO ] [2019-01-18 14:10:54] com.netflix.discovery.shared.resolver.aws.ConfigClusterResolver -Resolving eureka endpoints via configuration
[ INFO ] [2019-01-18 14:15:54] com.netflix.discovery.shared.resolver.aws.ConfigClusterResolver -Resolving eureka endpoints via configuration
[ INFO ] [2019-01-18 14:20:54] com.netflix.discovery.shared.resolver.aws.ConfigClusterResolver -Resolving eureka endpoints via configuration
[ INFO ] [2019-01-18 14:25:54] com.netflix.discovery.shared.resolver.aws.ConfigClusterResolver -Resolving eureka endpoints via configuration
[ INFO ] [2019-01-18 14:30:54] com.netflix.discovery.shared.resolver.aws.ConfigClusterResolver -Resolving eureka endpoints via configuration
